[debug] [2026-04-24T16:16:52.549Z] ----------------------------------------------------------------------
[debug] [2026-04-24T16:16:52.550Z] Command:       /Users/davis/.nvm/versions/node/v20.19.5/bin/node /Users/davis/.npm-global/bin/firebase deploy --only firestore:rules
[debug] [2026-04-24T16:16:52.550Z] CLI Version:   14.8.0
[debug] [2026-04-24T16:16:52.551Z] Platform:      darwin
[debug] [2026-04-24T16:16:52.551Z] Node Version:  v20.19.5
[debug] [2026-04-24T16:16:52.551Z] Time:          Fri Apr 24 2026 10:16:52 GMT-0600 (Mountain Daylight Time)
[debug] [2026-04-24T16:16:52.551Z] ----------------------------------------------------------------------
[debug] 
[debug] [2026-04-24T16:16:52.660Z] > command requires scopes: ["email","openid","https://www.googleapis.com/auth/cloudplatformprojects.readonly","https://www.googleapis.com/auth/firebase","https://www.googleapis.com/auth/cloud-platform"]
[debug] [2026-04-24T16:16:52.660Z] > authorizing via signed-in user (davisdeatonbu@gmail.com)
[debug] [2026-04-24T16:16:52.660Z] [iam] checking project faculty-schedules-be0e9 for permissions ["datastore.indexes.create","datastore.indexes.delete","datastore.indexes.list","datastore.indexes.update","firebase.projects.get"]
[debug] [2026-04-24T16:16:52.661Z] Checked if tokens are valid: true, expires at: 1777050711567
[debug] [2026-04-24T16:16:52.661Z] Checked if tokens are valid: true, expires at: 1777050711567
[debug] [2026-04-24T16:16:52.661Z] >>> [apiv2][query] POST https://cloudresourcemanager.googleapis.com/v1/projects/faculty-schedules-be0e9:testIamPermissions [none]
[debug] [2026-04-24T16:16:52.661Z] >>> [apiv2][(partial)header] POST https://cloudresourcemanager.googleapis.com/v1/projects/faculty-schedules-be0e9:testIamPermissions x-goog-quota-user=projects/faculty-schedules-be0e9
[debug] [2026-04-24T16:16:52.661Z] >>> [apiv2][body] POST https://cloudresourcemanager.googleapis.com/v1/projects/faculty-schedules-be0e9:testIamPermissions {"permissions":["datastore.indexes.create","datastore.indexes.delete","datastore.indexes.list","datastore.indexes.update","firebase.projects.get"]}
[debug] [2026-04-24T16:16:53.007Z] <<< [apiv2][status] POST https://cloudresourcemanager.googleapis.com/v1/projects/faculty-schedules-be0e9:testIamPermissions 200
[debug] [2026-04-24T16:16:53.008Z] <<< [apiv2][body] POST https://cloudresourcemanager.googleapis.com/v1/projects/faculty-schedules-be0e9:testIamPermissions {"permissions":["datastore.indexes.create","datastore.indexes.delete","datastore.indexes.list","datastore.indexes.update","firebase.projects.get"]}
[info] 
[info] === Deploying to 'faculty-schedules-be0e9'...
[info] 
[info] i  deploying firestore 
[info] i  firestore: reading indexes from firestore.indexes.json... 
[info] i  cloud.firestore: checking firestore.rules for compilation errors... 
[debug] [2026-04-24T16:16:53.011Z] Checked if tokens are valid: true, expires at: 1777050711567
[debug] [2026-04-24T16:16:53.012Z] Checked if tokens are valid: true, expires at: 1777050711567
[debug] [2026-04-24T16:16:53.012Z] >>> [apiv2][query] POST https://firebaserules.googleapis.com/v1/projects/faculty-schedules-be0e9:test [none]
[debug] [2026-04-24T16:16:53.012Z] >>> [apiv2][body] POST https://firebaserules.googleapis.com/v1/projects/faculty-schedules-be0e9:test [omitted]
